Determining if the pthread_create exist failed with the following output:
Change Dir: /home/rookstar/Workspace/metaLBM/solver/build/CMakeFiles/CMakeTmp

Run Build Command:"/usr/bin/make" "cmTC_90b1c/fast"
/usr/bin/make -f CMakeFiles/cmTC_90b1c.dir/build.make CMakeFiles/cmTC_90b1c.dir/build
make[1]: Entering directory `/home/rookstar/Workspace/metaLBM/solver/build/CMakeFiles/CMakeTmp'
Building C object CMakeFiles/cmTC_90b1c.dir/CheckSymbolExists.c.o
/usr/bin/cc     -o CMakeFiles/cmTC_90b1c.dir/CheckSymbolExists.c.o   -c /home/rookstar/Workspace/metaLBM/solver/build/CMakeFiles/CMakeTmp/CheckSymbolExists.c
Linking C executable cmTC_90b1c
/usr/local/bin/cmake -E cmake_link_script CMakeFiles/cmTC_90b1c.dir/link.txt --verbose=1
/usr/bin/cc       CMakeFiles/cmTC_90b1c.dir/CheckSymbolExists.c.o  -o cmTC_90b1c -rdynamic 
CMakeFiles/cmTC_90b1c.dir/CheckSymbolExists.c.o: In function `main':
CheckSymbolExists.c:(.text+0x16): undefined reference to `pthread_create'
collect2: error: ld returned 1 exit status
make[1]: *** [cmTC_90b1c] Error 1
make[1]: Leaving directory `/home/rookstar/Workspace/metaLBM/solver/build/CMakeFiles/CMakeTmp'
make: *** [cmTC_90b1c/fast] Error 2

File /home/rookstar/Workspace/metaLBM/solver/build/CMakeFiles/CMakeTmp/CheckSymbolExists.c:
/* */
#include <pthread.h>

int main(int argc, char** argv)
{
  (void)argv;
#ifndef pthread_create
  return ((int*)(&pthread_create))[argc];
#else
  (void)argc;
  return 0;
#endif
}

Determining if the function pthread_create exists in the pthreads failed with the following output:
Change Dir: /home/rookstar/Workspace/metaLBM/solver/build/CMakeFiles/CMakeTmp

Run Build Command:"/usr/bin/make" "cmTC_4b2f5/fast"
/usr/bin/make -f CMakeFiles/cmTC_4b2f5.dir/build.make CMakeFiles/cmTC_4b2f5.dir/build
make[1]: Entering directory `/home/rookstar/Workspace/metaLBM/solver/build/CMakeFiles/CMakeTmp'
Building C object CMakeFiles/cmTC_4b2f5.dir/CheckFunctionExists.c.o
/usr/bin/cc    -DCHECK_FUNCTION_EXISTS=pthread_create   -o CMakeFiles/cmTC_4b2f5.dir/CheckFunctionExists.c.o   -c /usr/local/share/cmake-3.5/Modules/CheckFunctionExists.c
Linking C executable cmTC_4b2f5
/usr/local/bin/cmake -E cmake_link_script CMakeFiles/cmTC_4b2f5.dir/link.txt --verbose=1
/usr/bin/cc   -DCHECK_FUNCTION_EXISTS=pthread_create    CMakeFiles/cmTC_4b2f5.dir/CheckFunctionExists.c.o  -o cmTC_4b2f5 -rdynamic -lpthreads 
/usr/bin/ld: cannot find -lpthreads
collect2: error: ld returned 1 exit status
make[1]: *** [cmTC_4b2f5] Error 1
make[1]: Leaving directory `/home/rookstar/Workspace/metaLBM/solver/build/CMakeFiles/CMakeTmp'
make: *** [cmTC_4b2f5/fast] Error 2


